2025-10-05 15:03:07, MOVE, v:1, k:carro, mode:PICK
2025-10-05 15:03:26, EXEC, v:1, k:carro, mode:FREE
2025-10-05 15:04:25, MOVE, v:1, k:carro, mode:PICK
2025-10-05 15:04:26, EXEC, v:1, k:carro, mode:FULL, rate:0
2025-10-05 15:12:20, EXEC, v:1, k:carro, mode:FULL, rate:0, size:81
2025-10-05 15:12:21, EXEC, v:1, k:carro, mode:FULL, rate:0
2025-10-05 15:12:22, EXEC, v:1, k:carro, mode:FULL, rate:0
2025-10-05 15:22:15, EXEC, v:1, k:carro, mode:FULL, rate:0, size:77
2025-10-05 15:22:32, EXEC, v:1, k:carro, mode:FULL, rate:0, size:77
2025-10-05 15:25:33, EXEC, v:1, k:carro, mode:FULL, rate:0, size:78
2025-10-05 15:26:07, EXEC, v:1, k:carro, mode:FULL, rate:0, size:78
2025-10-05 15:26:09, EXEC, v:1, k:carro, mode:FULL, rate:0
2025-10-05 15:26:10, EXEC, v:1, k:carro, mode:FULL, rate:0
2025-10-05 15:26:29, EXEC, v:1, k:carro, mode:FULL, rate:0, size:78
2025-10-05 15:27:49, EXEC, v:1, k:carro, mode:FULL, rate:0, size:79
2025-10-05 15:27:51, EXEC, v:1, k:carro, mode:FULL, rate:0
2025-10-05 15:29:01, EXEC, v:1, k:carro, mode:FULL, rate:0, size:79
2025-10-05 15:39:33, EXEC, v:1, k:carro, mode:FULL, rate:0, size:84
2025-10-05 15:39:46, EXEC, v:1, k:carro, mode:FULL, rate:0, size:84
2025-10-05 15:41:34, EXEC, v:1, k:carro, mode:FULL, rate:0, size:84
2025-10-05 17:05:27, MOVE, v:1, k:carro, mode:PICK
2025-10-05 17:05:28, EXEC, v:1, k:carro, mode:FULL, rate:0, size:110
2025-10-05 17:08:03, EXEC, v:1, k:carro, mode:FULL, rate:0, size:110
2025-10-05 17:08:21, EXEC, v:1, k:carro, mode:FULL, rate:0, size:110
2025-10-05 17:08:22, EXEC, v:1, k:carro, mode:FULL, rate:0
2025-10-05 17:11:27, EXEC, v:1, k:carro, mode:FULL, rate:0, size:117
2025-10-05 17:11:27, EXEC, v:1, k:carro, mode:FULL, rate:0, size:117
2025-10-05 17:13:02, EXEC, v:1, k:carro, mode:FULL, rate:0, size:116
2025-10-05 17:13:03, EXEC, v:1, k:carro, mode:FULL, rate:0
2025-10-05 17:13:04, EXEC, v:1, k:carro, mode:FULL, rate:0
2025-10-05 17:14:43, EXEC, v:1, k:carro, mode:FULL, rate:0, size:116
2025-10-05 17:14:44, EXEC, v:1, k:carro, mode:FULL, rate:0
2025-10-05 17:14:44, EXEC, v:1, k:carro, mode:FULL, rate:0
2025-10-05 17:14:44, EXEC, v:1, k:carro, mode:FULL, rate:0
2025-10-05 17:14:44, EXEC, v:1, k:carro, mode:FULL, rate:0
2025-10-05 17:15:52, EXEC, v:1, k:carro, mode:FULL, rate:0, size:101
2025-10-05 17:16:14, EXEC, v:1, k:carro, mode:FULL, rate:0, size:101
2025-10-05 17:16:19, EXEC, v:1, k:carro, mode:FULL, rate:0
2025-10-05 17:16:20, EXEC, v:1, k:carro, mode:FULL, rate:0
2025-10-05 17:16:21, EXEC, v:1, k:carro, mode:FULL, rate:0
2025-10-05 17:16:21, EXEC, v:1, k:carro, mode:FULL, rate:0
2025-10-05 17:16:22, EXEC, v:1, k:carro, mode:FULL, rate:0
2025-10-05 17:16:32, MOVE, v:1, k:carro, mode:PICK
2025-10-05 17:16:33, EXEC, v:1, k:carro, mode:FULL, rate:0
2025-10-05 17:16:34, EXEC, v:1, k:carro, mode:FULL, rate:0
2025-10-05 17:16:35, EXEC, v:1, k:carro, mode:FULL, rate:0
2025-10-05 17:16:36, EXEC, v:1, k:carro, mode:FULL, rate:0
2025-10-05 17:16:36, EXEC, v:1, k:carro, mode:FULL, rate:0
2025-10-05 17:16:36, EXEC, v:1, k:carro, mode:FULL, rate:0
2025-10-05 17:16:36, EXEC, v:1, k:carro, mode:FULL, rate:0
2025-10-05 17:16:36, EXEC, v:1, k:carro, mode:FULL, rate:0
2025-10-05 17:16:37, EXEC, v:1, k:carro, mode:FULL, rate:0
2025-10-05 17:16:37, EXEC, v:1, k:carro, mode:FULL, rate:0
2025-10-05 17:16:37, EXEC, v:1, k:carro, mode:FULL, rate:0
2025-10-05 17:16:37, EXEC, v:1, k:carro, mode:FULL, rate:0
2025-10-05 17:16:38, EXEC, v:1, k:carro, mode:FULL, rate:0
2025-10-05 17:16:38, EXEC, v:1, k:carro, mode:FULL, rate:0
2025-10-05 17:16:38, EXEC, v:1, k:carro, mode:FULL, rate:0
2025-10-05 17:16:38, EXEC, v:1, k:carro, mode:FULL, rate:0
2025-10-05 17:16:38, EXEC, v:1, k:carro, mode:FULL, rate:0
2025-10-05 17:16:39, EXEC, v:1, k:carro, mode:FULL, rate:0
2025-10-05 17:16:39, EXEC, v:1, k:carro, mode:FULL, rate:0
2025-10-05 17:16:39, EXEC, v:1, k:carro, mode:FULL, rate:0
2025-10-05 17:16:39, EXEC, v:1, k:carro, mode:FULL, rate:0
2025-10-05 17:16:49, EXEC, v:1, k:carro, mode:FULL, rate:0
2025-10-05 17:16:50, EXEC, v:1, k:carro, mode:FULL, rate:0
2025-10-05 17:16:51, EXEC, v:1, k:carro, mode:FULL, rate:0
2025-10-05 17:16:52, EXEC, v:1, k:carro, mode:FULL, rate:0
2025-10-05 17:16:52, EXEC, v:1, k:carro, mode:FULL, rate:0
2025-10-05 17:16:52, EXEC, v:1, k:carro, mode:FULL, rate:0
2025-10-05 17:16:52, EXEC, v:1, k:carro, mode:FULL, rate:0
2025-10-05 17:16:53, EXEC, v:1, k:carro, mode:FULL, rate:0
2025-10-05 17:16:53, EXEC, v:1, k:carro, mode:FULL, rate:0
2025-10-05 17:19:41, EXEC, v:1, k:carro, mode:FULL, rate:0, size:111
2025-10-05 17:20:05, EXEC, v:1, k:carro, mode:FULL, rate:0
2025-10-05 17:20:06, EXEC, v:1, k:carro, mode:FULL, rate:0
2025-10-05 17:20:08, EXEC, v:1, k:carro, mode:FULL, rate:0
2025-10-05 17:20:09, EXEC, v:1, k:carro, mode:FULL, rate:0
2025-10-05 17:20:09, EXEC, v:1, k:carro, mode:FULL, rate:0
2025-10-05 17:20:10, EXEC, v:1, k:carro, mode:FULL, rate:0
2025-10-05 17:20:10, EXEC, v:1, k:carro, mode:FULL, rate:0
2025-10-05 17:20:11, EXEC, v:1, k:carro, mode:FULL, rate:0
2025-10-05 17:20:11, EXEC, v:1, k:carro, mode:FULL, rate:0
2025-10-05 17:20:11, EXEC, v:1, k:carro, mode:FULL, rate:0
2025-10-05 17:20:12, EXEC, v:1, k:carro, mode:FULL, rate:0
2025-10-05 17:20:12, EXEC, v:1, k:carro, mode:FULL, rate:0
2025-10-05 17:20:12, EXEC, v:1, k:carro, mode:FULL, rate:0
2025-10-05 17:20:12, EXEC, v:1, k:carro, mode:FULL, rate:0
2025-10-05 17:20:13, EXEC, v:1, k:carro, mode:FULL, rate:0
2025-10-05 17:20:13, EXEC, v:1, k:carro, mode:FULL, rate:0
2025-10-05 17:20:13, EXEC, v:1, k:carro, mode:FULL, rate:0
2025-10-05 17:20:13, EXEC, v:1, k:carro, mode:FULL, rate:0
2025-10-05 17:20:13, EXEC, v:1, k:carro, mode:FULL, rate:0
2025-10-05 17:20:13, EXEC, v:1, k:carro, mode:FULL, rate:0
2025-10-05 17:20:14, EXEC, v:1, k:carro, mode:FULL, rate:0
2025-10-05 17:20:14, EXEC, v:1, k:carro, mode:FULL, rate:0
2025-10-05 18:26:43, MOVE, v:1, k:carro, mode:PICK
2025-10-05 18:26:45, EXEC, v:1, k:carro, mode:FULL, rate:0, size:111
2025-10-05 18:26:46, EXEC, v:1, k:carro, mode:FULL, rate:0
2025-10-05 18:26:47, EXEC, v:1, k:carro, mode:FULL, rate:0
2025-10-05 18:26:48, EXEC, v:1, k:carro, mode:FULL, rate:0
2025-10-05 18:26:48, EXEC, v:1, k:carro, mode:FULL, rate:0
2025-10-05 18:26:48, EXEC, v:1, k:carro, mode:FULL, rate:0
2025-10-05 18:26:49, EXEC, v:1, k:carro, mode:FULL, rate:0
2025-10-05 18:26:51, EXEC, v:1, k:carro, mode:FULL, rate:0
2025-10-05 18:26:51, EXEC, v:1, k:carro, mode:FULL, rate:0
2025-10-05 18:26:52, EXEC, v:1, k:carro, mode:FULL, rate:0
2025-10-05 18:26:53, EXEC, v:1, k:carro, mode:FULL, rate:0
2025-10-05 18:26:53, EXEC, v:1, k:carro, mode:FULL, rate:0
2025-10-05 18:26:54, EXEC, v:1, k:carro, mode:FULL, rate:0
2025-10-05 18:26:55, EXEC, v:1, k:carro, mode:FULL, rate:0
2025-10-05 18:26:55, EXEC, v:1, k:carro, mode:FULL, rate:0
2025-10-05 18:26:56, EXEC, v:1, k:carro, mode:FULL, rate:0
2025-10-05 18:26:57, EXEC, v:1, k:carro, mode:FULL, rate:0
2025-10-05 18:26:58, EXEC, v:1, k:carro, mode:FULL, rate:0
2025-10-05 18:26:58, EXEC, v:1, k:carro, mode:FULL, rate:0
2025-10-05 18:26:58, EXEC, v:1, k:carro, mode:FULL, rate:0
2025-10-05 18:26:58, EXEC, v:1, k:carro, mode:FULL, rate:0
2025-10-05 18:26:59, EXEC, v:1, k:carro, mode:FULL, rate:0
2025-10-05 18:26:59, EXEC, v:1, k:carro, mode:FULL, rate:0
2025-10-05 18:26:59, EXEC, v:1, k:carro, mode:FULL, rate:0
2025-10-05 18:26:59, EXEC, v:1, k:carro, mode:FULL, rate:0
2025-10-05 18:27:00, EXEC, v:1, k:carro, mode:FULL, rate:0
2025-10-05 18:27:00, EXEC, v:1, k:carro, mode:FULL, rate:0
2025-10-05 18:27:00, EXEC, v:1, k:carro, mode:FULL, rate:0
2025-10-05 18:27:00, EXEC, v:1, k:carro, mode:FULL, rate:0
2025-10-05 18:27:01, EXEC, v:1, k:carro, mode:FULL, rate:0
2025-10-05 18:27:01, EXEC, v:1, k:carro, mode:FULL, rate:0
2025-10-05 18:27:01, EXEC, v:1, k:carro, mode:FULL, rate:0
2025-10-05 18:27:01, EXEC, v:1, k:carro, mode:FULL, rate:0
2025-10-05 18:27:02, EXEC, v:1, k:carro, mode:FULL, rate:0
2025-10-05 18:27:02, EXEC, v:1, k:carro, mode:FULL, rate:0
2025-10-05 18:27:02, EXEC, v:1, k:carro, mode:FULL, rate:0
2025-10-05 18:27:02, EXEC, v:1, k:carro, mode:FULL, rate:0
2025-10-05 18:27:03, EXEC, v:1, k:carro, mode:FULL, rate:0
2025-10-05 18:27:03, EXEC, v:1, k:carro, mode:FULL, rate:0
2025-10-05 18:27:03, EXEC, v:1, k:carro, mode:FULL, rate:0
2025-10-05 18:27:58, MOVE, v:1, k:calculadora, mode:DOWN
2025-10-05 20:54:38, MOVE, v:1, k:animal, mode:PICK
2025-10-05 20:54:39, EXEC, v:1, k:animal, mode:FULL, rate:100, size:59
2025-10-05 20:55:11, MOVE, v:1, k:carro, mode:PICK
2025-10-05 20:55:13, EXEC, v:1, k:carro, mode:FULL, rate:0
2025-10-05 21:24:03, EXEC, v:1, k:carro, mode:FULL, rate:0, size:111
2025-10-05 21:24:39, EXEC, v:1, k:carro, mode:FULL, rate:0, size:111
2025-10-05 21:25:00, EXEC, v:1, k:carro, mode:FULL, rate:0, size:111
2025-10-05 21:25:17, EXEC, v:1, k:carro, mode:FULL, rate:30, size:111
2025-10-05 21:25:46, EXEC, v:1, k:carro, mode:FULL, rate:60, size:111
2025-10-05 21:26:06, EXEC, v:1, k:carro, mode:FULL, rate:80, size:111
2025-10-05 21:26:24, EXEC, v:1, k:carro, mode:FULL, rate:80, size:111
2025-10-05 21:26:35, EXEC, v:1, k:carro, mode:FULL, rate:80
2025-10-05 21:26:45, EXEC, v:1, k:carro, mode:FULL, rate:90, size:111
2025-10-05 21:27:24, EXEC, v:1, k:carro, mode:FULL, rate:90
2025-10-05 21:30:27, EXEC, v:1, k:carro, mode:FULL, rate:90, size:111
2025-10-05 21:30:43, EXEC, v:1, k:carro, mode:FULL, rate:90, size:111
2025-10-05 21:31:40, EXEC, v:1, k:carro, mode:FULL, rate:90, size:111
2025-10-05 21:32:08, EXEC, v:1, k:carro, mode:FULL, rate:90, size:111
2025-10-05 21:46:48, MOVE, v:1, k:carro, mode:PICK
2025-10-05 21:46:49, EXEC, v:1, k:carro, mode:FULL, rate:90, size:111
2025-10-05 21:48:29, EXEC, v:1, k:carro, mode:FULL, rate:90, size:111
2025-10-05 21:48:53, EXEC, v:1, k:carro, mode:FULL, rate:100, size:111
2025-10-05 22:09:17, MOVE, v:1, k:calculadora, mode:PICK
2025-10-05 22:09:18, EXEC, v:1, k:calculadora, mode:FULL, rate:0, size:63
2025-10-05 22:09:20, EXEC, v:1, k:calculadora, mode:FULL, rate:0
2025-10-05 22:09:21, EXEC, v:1, k:calculadora, mode:FULL, rate:0
2025-10-05 22:09:29, EXEC, v:1, k:calculadora, mode:FULL, rate:0
2025-10-05 22:09:35, EXEC, v:1, k:calculadora, mode:FULL, rate:0
2025-10-05 22:09:36, EXEC, v:1, k:calculadora, mode:FULL, rate:0
2025-10-05 22:09:36, EXEC, v:1, k:calculadora, mode:FULL, rate:0
2025-10-05 22:09:37, EXEC, v:1, k:calculadora, mode:FULL, rate:0
2025-10-05 22:09:38, EXEC, v:1, k:calculadora, mode:FULL, rate:0
2025-10-05 22:09:38, EXEC, v:1, k:calculadora, mode:FULL, rate:0
2025-10-05 22:09:38, EXEC, v:1, k:calculadora, mode:FULL, rate:0
2025-10-05 22:09:39, EXEC, v:1, k:calculadora, mode:FULL, rate:0
2025-10-05 22:23:57, MOVE, v:1, k:toalha, mode:PICK
2025-10-05 22:24:22, MOVE, v:1, k:toalha, mode:BACK
2025-10-05 22:24:31, MOVE, v:1, k:enxugar, mode:DOWN
2025-10-05 22:24:43, MOVE, v:1, k:enxugar, mode:PICK
2025-10-05 22:24:44, EXEC, v:1, k:enxugar, mode:FULL, rate:0, size:44
2025-10-05 22:24:45, EXEC, v:1, k:enxugar, mode:FULL, rate:0
2025-10-05 22:24:45, EXEC, v:1, k:enxugar, mode:FULL, rate:0
2025-10-05 22:25:49, EXEC, v:1, k:enxugar, mode:FULL, rate:0, size:44
2025-10-05 22:26:22, EXEC, v:1, k:enxugar, mode:FULL, rate:0, size:44
2025-10-05 22:30:18, EXEC, v:1, k:enxugar, mode:FULL, rate:20, size:45
2025-10-05 23:05:49, EXEC, v:1, k:enxugar, mode:FULL, rate:20
2025-10-05 23:06:08, EXEC, v:1, k:calculadora, mode:FULL, rate:0, size:63
2025-10-05 23:06:10, EXEC, v:1, k:calculadora, mode:FULL, rate:0
2025-10-05 23:10:33, EXEC, v:1, k:calculadora, mode:FULL, rate:0, size:63
2025-10-05 23:10:40, EXEC, v:1, k:calculadora, mode:FULL, rate:0, size:63
2025-10-05 23:22:57, EXEC, v:1, k:calculadora, mode:FULL, rate:63, size:63
2025-10-05 23:40:10, EXEC, v:1, k:enxugar, mode:FULL, rate:10, size:45
2025-10-05 23:40:36, EXEC, v:1, k:enxugar, mode:FULL, rate:20, size:45
